2024-02-22 11:07:45,756 ERROR: Exception on /explore [GET] [in C:\Users\Isuri\AppData\Roaming\Python\Python311\site-packages\flask\app.py:828]
Traceback (most recent call last):
  File "C:\Users\Isuri\AppData\Roaming\Python\Python311\site-packages\flask\app.py", line 1463, in wsgi_app
    response = self.full_dispatch_request()
               ^^^^^^^^^^^^^^^^^^^^^^^^^^^^
  File "C:\Users\Isuri\AppData\Roaming\Python\Python311\site-packages\flask\app.py", line 872, in full_dispatch_request
    rv = self.handle_user_exception(e)
         ^^^^^^^^^^^^^^^^^^^^^^^^^^^^^
  File "C:\Users\Isuri\AppData\Roaming\Python\Python311\site-packages\flask\app.py", line 870, in full_dispatch_request
    rv = self.dispatch_request()
         ^^^^^^^^^^^^^^^^^^^^^^^
  File "C:\Users\Isuri\AppData\Roaming\Python\Python311\site-packages\flask\app.py", line 855, in dispatch_request
    return self.ensure_sync(self.view_functions[rule.endpoint])(**view_args)  # type: ignore[no-any-return]
           ^^^^^^^^^^^^^^^^^^^^^^^^^^^^^^^^^^^^^^^^^^^^^^^^^^^^^^^^^^^^^^^^^
  File "C:\Users\Isuri\AppData\Roaming\Python\Python311\site-packages\flask_login\utils.py", line 290, in decorated_view
    return current_app.ensure_sync(func)(*args, **kwargs)
           ^^^^^^^^^^^^^^^^^^^^^^^^^^^^^^^^^^^^^^^^^^^^^^
  File "C:\Users\Isuri\OneDrive\Documents\BluchipProject\FlaskTuturial_task4\Chapter11\app\routes.py", line 54, in explore
    return render_template('index.html', title='Explore', posts=posts.items,
           ^^^^^^^^^^^^^^^^^^^^^^^^^^^^^^^^^^^^^^^^^^^^^^^^^^^^^^^^^^^^^^^^^
  File "C:\Users\Isuri\AppData\Roaming\Python\Python311\site-packages\flask\templating.py", line 150, in render_template
    return _render(app, template, context)
           ^^^^^^^^^^^^^^^^^^^^^^^^^^^^^^^
  File "C:\Users\Isuri\AppData\Roaming\Python\Python311\site-packages\flask\templating.py", line 131, in _render
    rv = template.render(context)
         ^^^^^^^^^^^^^^^^^^^^^^^^
  File "C:\Users\Isuri\AppData\Roaming\Python\Python311\site-packages\jinja2\environment.py", line 1301, in render
    self.environment.handle_exception()
  File "C:\Users\Isuri\AppData\Roaming\Python\Python311\site-packages\jinja2\environment.py", line 936, in handle_exception
    raise rewrite_traceback_stack(source=source)
  File "C:\Users\Isuri\OneDrive\Documents\BluchipProject\FlaskTuturial_task4\Chapter11\app\templates\index.html", line 2, in top-level template code
    {% import "bootstrap_wtf.html" as wtf %}
    ^^^^^^^^^^^^^^^^^^^^^^^^^
  File "C:\Users\Isuri\AppData\Roaming\Python\Python311\site-packages\flask\templating.py", line 65, in get_source
    return self._get_source_fast(environment, template)
           ^^^^^^^^^^^^^^^^^^^^^^^^^^^^^^^^^^^^^^^^^^^^
  File "C:\Users\Isuri\AppData\Roaming\Python\Python311\site-packages\flask\templating.py", line 99, in _get_source_fast
    raise TemplateNotFound(template)
jinja2.exceptions.TemplateNotFound: bootstrap_wtf.html
2024-02-22 11:07:46,859 ERROR: Exception on /index [GET] [in C:\Users\Isuri\AppData\Roaming\Python\Python311\site-packages\flask\app.py:828]
Traceback (most recent call last):
  File "C:\Users\Isuri\AppData\Roaming\Python\Python311\site-packages\flask\app.py", line 1463, in wsgi_app
    response = self.full_dispatch_request()
               ^^^^^^^^^^^^^^^^^^^^^^^^^^^^
  File "C:\Users\Isuri\AppData\Roaming\Python\Python311\site-packages\flask\app.py", line 872, in full_dispatch_request
    rv = self.handle_user_exception(e)
         ^^^^^^^^^^^^^^^^^^^^^^^^^^^^^
  File "C:\Users\Isuri\AppData\Roaming\Python\Python311\site-packages\flask\app.py", line 870, in full_dispatch_request
    rv = self.dispatch_request()
         ^^^^^^^^^^^^^^^^^^^^^^^
  File "C:\Users\Isuri\AppData\Roaming\Python\Python311\site-packages\flask\app.py", line 855, in dispatch_request
    return self.ensure_sync(self.view_functions[rule.endpoint])(**view_args)  # type: ignore[no-any-return]
           ^^^^^^^^^^^^^^^^^^^^^^^^^^^^^^^^^^^^^^^^^^^^^^^^^^^^^^^^^^^^^^^^^
  File "C:\Users\Isuri\AppData\Roaming\Python\Python311\site-packages\flask_login\utils.py", line 290, in decorated_view
    return current_app.ensure_sync(func)(*args, **kwargs)
           ^^^^^^^^^^^^^^^^^^^^^^^^^^^^^^^^^^^^^^^^^^^^^^
  File "C:\Users\Isuri\OneDrive\Documents\BluchipProject\FlaskTuturial_task4\Chapter11\app\routes.py", line 38, in index
    return render_template('index.html', title='Home', form=form,
           ^^^^^^^^^^^^^^^^^^^^^^^^^^^^^^^^^^^^^^^^^^^^^^^^^^^^^^
  File "C:\Users\Isuri\AppData\Roaming\Python\Python311\site-packages\flask\templating.py", line 150, in render_template
    return _render(app, template, context)
           ^^^^^^^^^^^^^^^^^^^^^^^^^^^^^^^
  File "C:\Users\Isuri\AppData\Roaming\Python\Python311\site-packages\flask\templating.py", line 131, in _render
    rv = template.render(context)
         ^^^^^^^^^^^^^^^^^^^^^^^^
  File "C:\Users\Isuri\AppData\Roaming\Python\Python311\site-packages\jinja2\environment.py", line 1301, in render
    self.environment.handle_exception()
  File "C:\Users\Isuri\AppData\Roaming\Python\Python311\site-packages\jinja2\environment.py", line 936, in handle_exception
    raise rewrite_traceback_stack(source=source)
  File "C:\Users\Isuri\OneDrive\Documents\BluchipProject\FlaskTuturial_task4\Chapter11\app\templates\index.html", line 2, in top-level template code
    {% import "bootstrap_wtf.html" as wtf %}
    ^^^^^^^^^^^^^^^^^^^^^^^^^
  File "C:\Users\Isuri\AppData\Roaming\Python\Python311\site-packages\flask\templating.py", line 65, in get_source
    return self._get_source_fast(environment, template)
           ^^^^^^^^^^^^^^^^^^^^^^^^^^^^^^^^^^^^^^^^^^^^
  File "C:\Users\Isuri\AppData\Roaming\Python\Python311\site-packages\flask\templating.py", line 99, in _get_source_fast
    raise TemplateNotFound(template)
jinja2.exceptions.TemplateNotFound: bootstrap_wtf.html
2024-02-22 11:18:54,934 INFO: Microblog startup [in C:\Users\Isuri\OneDrive\Documents\BluchipProject\FlaskTuturial_task4\Chapter11\app\__init__.py:45]
2024-02-22 11:20:00,744 INFO: Microblog startup [in C:\Users\Isuri\OneDrive\Documents\BluchipProject\FlaskTuturial_task4\Chapter11\app\__init__.py:45]
2024-02-22 11:21:06,666 INFO: Microblog startup [in C:\Users\Isuri\OneDrive\Documents\BluchipProject\FlaskTuturial_task4\Chapter11\app\__init__.py:45]
2024-02-22 11:22:37,632 INFO: Microblog startup [in C:\Users\Isuri\OneDrive\Documents\BluchipProject\FlaskTuturial_task4\Chapter11\app\__init__.py:45]
2024-02-22 11:23:21,081 INFO: Microblog startup [in C:\Users\Isuri\OneDrive\Documents\BluchipProject\FlaskTuturial_task4\Chapter11\app\__init__.py:45]
2024-02-22 12:24:53,572 INFO: Microblog startup [in C:\Users\Isuri\OneDrive\Documents\BluchipProject\FlaskTuturial_task4\Chapter12\app\__init__.py:47]
2024-02-22 13:03:18,188 INFO: Microblog startup [in C:\Users\Isuri\OneDrive\Documents\BluchipProject\FlaskTuturial_task4\Chapter13\app\__init__.py:55]
2024-02-22 13:05:38,619 INFO: Microblog startup [in C:\Users\Isuri\OneDrive\Documents\BluchipProject\FlaskTuturial_task4\Chapter13\app\__init__.py:55]
2024-02-22 13:06:35,112 INFO: Microblog startup [in C:\Users\Isuri\OneDrive\Documents\BluchipProject\FlaskTuturial_task4\Chapter13\app\__init__.py:55]
2024-02-22 13:06:45,435 INFO: Microblog startup [in C:\Users\Isuri\OneDrive\Documents\BluchipProject\FlaskTuturial_task4\Chapter13\app\__init__.py:55]
2024-02-22 13:08:10,487 INFO: Microblog startup [in C:\Users\Isuri\OneDrive\Documents\BluchipProject\FlaskTuturial_task4\Chapter13\app\__init__.py:55]
2024-02-22 13:08:18,386 INFO: Microblog startup [in C:\Users\Isuri\OneDrive\Documents\BluchipProject\FlaskTuturial_task4\Chapter13\app\__init__.py:55]
2024-02-22 13:09:21,650 INFO: Microblog startup [in C:\Users\Isuri\OneDrive\Documents\BluchipProject\FlaskTuturial_task4\Chapter13\app\__init__.py:55]
2024-02-22 13:11:36,054 INFO: Microblog startup [in C:\Users\Isuri\OneDrive\Documents\BluchipProject\FlaskTuturial_task4\Chapter13\app\__init__.py:55]
2024-02-22 13:12:38,806 INFO: Microblog startup [in C:\Users\Isuri\OneDrive\Documents\BluchipProject\FlaskTuturial_task4\Chapter13\app\__init__.py:55]
2024-02-22 13:27:48,576 INFO: Microblog startup [in C:\Users\Isuri\OneDrive\Documents\BluchipProject\FlaskTuturial_task4\Chapter13\app\__init__.py:55]
2024-02-22 13:28:03,217 INFO: Microblog startup [in C:\Users\Isuri\OneDrive\Documents\BluchipProject\FlaskTuturial_task4\Chapter13\app\__init__.py:55]
2024-02-22 14:17:47,761 INFO: Microblog startup [in C:\Users\Isuri\OneDrive\Documents\BluchipProject\FlaskTuturial_task4\Chapter13\app\__init__.py:55]
